<?xml version="1.0" encoding="UTF-8"?>
<!-- Generated by org.testng.reporters.JUnitReportReporter -->
<testsuite hostname="DESKTOP-F0IKBET" failures="0" tests="1" name="mern.test.restetPasswordTest" time="37.039" errors="0" timestamp="15 Feb 2025 19:19:18 GMT">
  <testcase classname="mern.test.restetPasswordTest" name="testResetPasswordFuntionality" time="37.039"/>
</testsuite> <!-- mern.test.restetPasswordTest -->
