<?xml version="1.0" encoding="UTF-8"?>
<!-- Generated by org.testng.reporters.JUnitReportReporter -->
<testsuite hostname="DESKTOP-F0IKBET" failures="0" tests="1" name="mern.test.LoginTest" time="8.864" errors="0" timestamp="15 Feb 2025 19:56:02 GMT">
  <testcase classname="mern.test.LoginTest" name="testLogin" time="8.864"/>
</testsuite> <!-- mern.test.LoginTest -->
