<?xml version="1.0" encoding="UTF-8"?>
<!-- Generated by org.testng.reporters.JUnitReportReporter -->
<testsuite hostname="DESKTOP-F0IKBET" failures="0" tests="2" name="mern.test.RegistrationTest" time="25.665" errors="0" timestamp="15 Feb 2025 17:59:53 GMT">
  <testcase classname="mern.test.RegistrationTest" name="testAlreadyHaveAccount" time="12.635"/>
  <testcase classname="mern.test.RegistrationTest" name="testShowPasswordFunctionlity" time="13.030"/>
</testsuite> <!-- mern.test.RegistrationTest -->
