<?xml version="1.0" encoding="UTF-8"?>
<!-- Generated by org.testng.reporters.JUnitReportReporter -->
<testsuite hostname="DESKTOP-F0IKBET" failures="0" tests="2" name="mern.test.AnimatedSlideTest" time="20.243" errors="0" timestamp="15 Feb 2025 21:19:29 GMT">
  <testcase classname="mern.test.AnimatedSlideTest" name="testSlideNavigation" time="10.271"/>
  <testcase classname="mern.test.AnimatedSlideTest" name="testAutoScrollSlides" time="9.972"/>
</testsuite> <!-- mern.test.AnimatedSlideTest -->
