<?xml version="1.0" encoding="UTF-8"?>
<!-- Generated by org.testng.reporters.JUnitReportReporter -->
<testsuite hostname="DESKTOP-F0IKBET" failures="0" tests="1" name="mern.test.getTest" time="4.741" errors="0" timestamp="15 Feb 2025 09:05:43 GMT">
  <testcase classname="mern.test.getTest" name="runTest" time="4.741"/>
</testsuite> <!-- mern.test.getTest -->
